<?xml version="1.0" encoding="UTF-8"?>
<!-- Generated by org.testng.reporters.JUnitReportReporter -->
<testsuite hostname="DESKTOP-OF3OC9C" failures="0" tests="1" name="takesScreenshot.PerticularElementSchot2" time="2.149" errors="0" timestamp="2023-08-18T11:58:24 IST" skipped="0">
  <testcase classname="takesScreenshot.PerticularElementSchot2" name="perticularSectionScreenshot" time="2.149"/>
</testsuite> <!-- takesScreenshot.PerticularElementSchot2 -->
