<?xml version="1.0" encoding="UTF-8"?>
<!-- Generated by org.testng.reporters.JUnitReportReporter -->
<testsuite hostname="DESKTOP-OF3OC9C" failures="0" tests="1" name="aakash.aakashh" time="7.703" errors="0" timestamp="2023-08-22T13:13:26 IST" skipped="0">
  <testcase classname="aakash.aakashh" name="test1" time="7.703"/>
</testsuite> <!-- aakash.aakashh -->
