<?xml version="1.0" encoding="UTF-8"?>
<!-- Generated by org.testng.reporters.JUnitReportReporter -->
<testsuite hostname="DESKTOP-OF3OC9C" failures="0" tests="1" name="takesScreenshot.TakingScreenshot" time="3.946" errors="0" timestamp="2023-08-18T11:37:43 IST" skipped="0">
  <testcase classname="takesScreenshot.TakingScreenshot" name="Screenshot" time="3.946"/>
</testsuite> <!-- takesScreenshot.TakingScreenshot -->
