<?xml version="1.0" encoding="UTF-8"?>
<!-- Generated by org.testng.reporters.JUnitReportReporter -->
<testsuite hostname="DESKTOP-OF3OC9C" failures="0" tests="1" name="takesScreenshot.PerticularElementSchot" time="5.063" errors="0" timestamp="2023-08-22T10:06:55 IST" skipped="0">
  <testcase classname="takesScreenshot.PerticularElementSchot" name="perticularSectionScreenshot" time="5.063"/>
</testsuite> <!-- takesScreenshot.PerticularElementSchot -->
