<?xml version="1.0" encoding="UTF-8"?>
<!-- Generated by org.testng.reporters.JUnitReportReporter -->
<testsuite hostname="DESKTOP-OF3OC9C" failures="0" tests="1" name="alerts.Alert" time="5.768" errors="0" timestamp="2023-08-16T13:24:33 IST" skipped="0">
  <testcase classname="alerts.Alert" name="LaunchBrowser" time="5.768"/>
</testsuite> <!-- alerts.Alert -->
