<?xml version="1.0" encoding="UTF-8"?>
<!-- Generated by org.testng.reporters.JUnitReportReporter -->
<testsuite hostname="DESKTOP-OF3OC9C" failures="0" tests="1" name="takesScreenshot.xpath" time="5.037" errors="0" timestamp="2023-10-09T12:48:01 IST" skipped="0">
  <testcase classname="takesScreenshot.xpath" name="perticularSectionScreenshot" time="5.037"/>
</testsuite> <!-- takesScreenshot.xpath -->
