<?xml version="1.0" encoding="UTF-8"?>
<!-- Generated by org.testng.reporters.JUnitReportReporter -->
<testsuite hostname="DESKTOP-OF3OC9C" failures="0" tests="3" name="selectClass.SeletcsClassTypes" time="0.159" errors="0" timestamp="2023-08-17T10:21:09 IST" skipped="0">
  <testcase classname="selectClass.SeletcsClassTypes" name="SelectByVisibleText" time="0.039"/>
  <testcase classname="selectClass.SeletcsClassTypes" name="selectByIndex" time="0.061"/>
  <testcase classname="selectClass.SeletcsClassTypes" name="SelectByValue" time="0.059"/>
</testsuite> <!-- selectClass.SeletcsClassTypes -->
