<?xml version="1.0" encoding="UTF-8"?>
<!-- Generated by org.testng.reporters.JUnitReportReporter -->
<testsuite hostname="DESKTOP-OF3OC9C" failures="0" tests="2" name="testNGAnnotations.TestAnnotation" time="0.004" errors="0" timestamp="2023-08-21T10:49:02 IST" skipped="0">
  <testcase classname="testNGAnnotations.TestAnnotation" name="SignInPage" time="0.001"/>
  <testcase classname="testNGAnnotations.TestAnnotation" name="RegistationPage" time="0.003"/>
</testsuite> <!-- testNGAnnotations.TestAnnotation -->
