<?xml version="1.0" encoding="UTF-8"?>
<!-- Generated by org.testng.reporters.JUnitReportReporter -->
<testsuite hostname="DESKTOP-OF3OC9C" failures="0" tests="1" name="selectClass.GetOptions" time="3.726" errors="0" timestamp="2023-08-17T10:28:12 IST" skipped="0">
  <testcase classname="selectClass.GetOptions" name="AllOptions" time="3.726"/>
</testsuite> <!-- selectClass.GetOptions -->
