<?xml version="1.0" encoding="UTF-8"?>
<!-- Generated by org.testng.reporters.JUnitReportReporter -->
<testsuite hostname="DESKTOP-OF3OC9C" failures="0" tests="3" name="testNGAnnotations.DataProviderAnnotation" time="0.006" errors="0" timestamp="2023-08-21T13:12:52 IST" skipped="0">
  <testcase classname="testNGAnnotations.DataProviderAnnotation" name="LoginTest" time="0.004"/>
  <testcase classname="testNGAnnotations.DataProviderAnnotation" name="LoginTest" time="0.001"/>
  <testcase classname="testNGAnnotations.DataProviderAnnotation" name="LoginTest" time="0.001"/>
</testsuite> <!-- testNGAnnotations.DataProviderAnnotation -->
