<?xml version="1.0" encoding="UTF-8"?>
<!-- Generated by org.testng.reporters.JUnitReportReporter -->
<testsuite hostname="DESKTOP-OF3OC9C" failures="0" tests="1" name="differentCalendarsHandling.SimpleCalendar" time="5.062" errors="0" timestamp="2023-08-18T13:33:19 IST" skipped="0">
  <testcase classname="differentCalendarsHandling.SimpleCalendar" name="HandleCalendar" time="5.062"/>
</testsuite> <!-- differentCalendarsHandling.SimpleCalendar -->
