<?xml version="1.0" encoding="UTF-8"?>
<!-- Generated by org.testng.reporters.JUnitReportReporter -->
<testsuite hostname="DESKTOP-OF3OC9C" failures="0" tests="1" name="selectClass.ByValue" time="3.466" errors="0" timestamp="2023-08-17T10:14:01 IST" skipped="0">
  <testcase classname="selectClass.ByValue" name="SelectByValue" time="3.466"/>
</testsuite> <!-- selectClass.ByValue -->
