<?xml version="1.0" encoding="UTF-8"?>
<!-- Generated by org.testng.reporters.JUnitReportReporter -->
<testsuite hostname="DESKTOP-OF3OC9C" failures="0" tests="1" name="selectClass.VisibleText" time="4.299" errors="0" timestamp="2023-08-17T10:10:35 IST" skipped="0">
  <testcase classname="selectClass.VisibleText" name="SelectByVisibleText" time="4.299"/>
</testsuite> <!-- selectClass.VisibleText -->
