<?xml version="1.0" encoding="UTF-8"?>
<!-- Generated by org.testng.reporters.JUnitReportReporter -->
<testsuite hostname="DESKTOP-OF3OC9C" failures="0" tests="1" name="groupsByAttribute.Class2" time="0.001" errors="0" timestamp="2023-08-21T10:48:51 IST" skipped="0">
  <testcase classname="groupsByAttribute.Class2" name="TestMethod5" time="0.001"/>
</testsuite> <!-- groupsByAttribute.Class2 -->
