<?xml version="1.0" encoding="UTF-8"?>
<!-- Generated by org.testng.reporters.JUnitReportReporter -->
<testsuite hostname="DESKTOP-OF3OC9C" failures="0" tests="1" name="selectClass.MultiSelect" time="0.054" errors="0" timestamp="2023-08-17T10:59:43 IST" skipped="0">
  <testcase classname="selectClass.MultiSelect" name="GetAllOptions" time="0.054"/>
</testsuite> <!-- selectClass.MultiSelect -->
