<?xml version="1.0" encoding="UTF-8"?>
<!-- Generated by org.testng.reporters.JUnitReportReporter -->
<testsuite hostname="DESKTOP-OF3OC9C" failures="0" tests="1" name="listenersAnnotation.DemoClass1" time="2.096" errors="0" timestamp="2023-08-10T17:37:00 IST" skipped="0">
  <testcase classname="listenersAnnotation.DemoClass1" name="Method1" time="2.096"/>
</testsuite> <!-- listenersAnnotation.DemoClass1 -->
