<?xml version="1.0" encoding="UTF-8"?>
<!-- Generated by org.testng.reporters.JUnitReportReporter -->
<testsuite hostname="DESKTOP-OF3OC9C" failures="0" tests="1" name="selectClass.ByIndex" time="4.417" errors="0" timestamp="2023-08-17T10:08:58 IST" skipped="0">
  <testcase classname="selectClass.ByIndex" name="selectByIndex" time="4.417"/>
</testsuite> <!-- selectClass.ByIndex -->
