<?xml version="1.0" encoding="UTF-8"?>
<!-- Generated by org.testng.reporters.JUnitReportReporter -->
<testsuite hostname="DESKTOP-OF3OC9C" failures="0" tests="1" name="selectClass.findElements" time="4.648" errors="0" timestamp="2023-10-06T12:03:29 IST" skipped="0">
  <testcase classname="selectClass.findElements" name="selectByIndex" time="4.648"/>
</testsuite> <!-- selectClass.findElements -->
