<?xml version="1.0" encoding="UTF-8"?>
<!-- Generated by org.testng.reporters.JUnitReportReporter -->
<testsuite hostname="DESKTOP-OF3OC9C" failures="0" tests="3" name="listenersAnnotation.DataProviderAttribute" time="0.005" errors="0" timestamp="2023-08-10T17:50:46 IST" skipped="0">
  <testcase classname="listenersAnnotation.DataProviderAttribute" name="TestLogin" time="0.001"/>
  <testcase classname="listenersAnnotation.DataProviderAttribute" name="TestLogin" time="0.000"/>
  <testcase classname="listenersAnnotation.DataProviderAttribute" name="TestLogin" time="0.004"/>
</testsuite> <!-- listenersAnnotation.DataProviderAttribute -->
