<?xml version="1.0" encoding="UTF-8"?>
<!-- Generated by org.testng.reporters.JUnitReportReporter -->
<testsuite hostname="DESKTOP-OF3OC9C" failures="0" tests="3" name="testNGAnnotations.BeforeClassAnnotation" time="0.004" errors="0" timestamp="2023-08-21T13:01:06 IST" skipped="0">
  <testcase classname="testNGAnnotations.BeforeClassAnnotation" name="HomePage" time="0.003"/>
  <testcase classname="testNGAnnotations.BeforeClassAnnotation" name="Login" time="0.000"/>
  <testcase classname="testNGAnnotations.BeforeClassAnnotation" name="Register" time="0.001"/>
</testsuite> <!-- testNGAnnotations.BeforeClassAnnotation -->
