<?xml version="1.0" encoding="UTF-8"?>
<!-- Generated by org.testng.reporters.JUnitReportReporter -->
<testsuite hostname="DESKTOP-OF3OC9C" failures="0" tests="3" name="assertions.PriorityinTestNG" time="0.005" errors="0" timestamp="2023-08-10T17:09:25 IST" skipped="0">
  <testcase classname="assertions.PriorityinTestNG" name="Login" time="0.004"/>
  <testcase classname="assertions.PriorityinTestNG" name="Register" time="0.001"/>
  <testcase classname="assertions.PriorityinTestNG" name="HomePage" time="0.000"/>
</testsuite> <!-- assertions.PriorityinTestNG -->
