<?xml version="1.0" encoding="UTF-8"?>
<!-- Generated by org.testng.reporters.JUnitReportReporter -->
<testsuite hostname="DESKTOP-OF3OC9C" failures="0" tests="2" name="framesIframes.Frames" time="2.126" errors="0" timestamp="2023-08-18T10:13:52 IST" skipped="0">
  <testcase classname="framesIframes.Frames" name="EnterName" time="2.074"/>
  <testcase classname="framesIframes.Frames" name="FrameHandling" time="0.052"/>
</testsuite> <!-- framesIframes.Frames -->
